
=== Sat Mar  7 08:39:09 2020

Packages were changed.
Update Mode: updateDependencies

The following packages were updated:
  com.unity.mobile.android-logcat from version 1.0.0 to 1.1.0

=== Fri Mar 13 15:21:14 2020

Packages were changed.
Update Mode: updateDependencies

The following packages were updated:
  com.unity.mobile.android-logcat from version 1.0.3-preview to 1.1.0

=== Fri Sep 25 15:55:35 2020

Packages were changed.
Update Mode: updateDependencies

The following packages were added:
  com.unity.ide.visualstudio@2.0.2
The following packages were updated:
  com.unity.inputsystem from version 1.0.0-preview.7 to 1.0.0
  com.unity.render-pipelines.universal from version 7.3.1 to 8.2.0
  com.unity.xr.management from version 3.2.9 to 3.2.13
  com.unity.xr.oculus from version 1.3.3 to 1.4.3
  com.unity.xr.windowsmr from version 2.1.5 to 3.3.1

=== Sat Nov  6 13:54:27 2021

Packages were changed.
Update Mode: updateDependencies

The following packages were updated:
  com.unity.burst from version 1.3.6 to 1.6.0
  com.unity.ide.visualstudio from version 2.0.3 to 2.0.11
  com.unity.ide.vscode from version 1.2.2 to 1.2.4
  com.unity.inputsystem from version 1.1.0-preview.1 to 1.1.1
  com.unity.mobile.android-logcat from version 1.2.0 to 1.2.3
  com.unity.render-pipelines.universal from version 8.2.0 to 12.1.0
  com.unity.xr.legacyinputhelpers from version 2.1.4 to 2.1.8
  com.unity.xr.management from version 3.2.15 to 4.0.7
  com.unity.xr.oculus from version 1.4.3 to 1.10.0
The following packages were removed:
  com.unity.xr.windowsmr@4.0.2
